2025-11-12 08:48:48 [INFO] Terhubung ke Milvus DB: face_demo.db
2025-11-12 08:48:48 [INFO] Membuat collection baru: face_embeddings
2025-11-12 08:48:52 [INFO] Search berhasil, ditemukan 0 hasil.
2025-11-12 08:50:05 [INFO] Terhubung ke Milvus DB: face_demo.db
2025-11-12 08:50:07 [INFO] Search berhasil, ditemukan 0 hasil.
2025-11-12 08:50:07 [INFO] Search berhasil, ditemukan 0 hasil.
2025-11-12 08:50:08 [INFO] Search berhasil, ditemukan 0 hasil.
2025-11-12 08:50:08 [INFO] Search berhasil, ditemukan 0 hasil.
2025-11-12 08:50:08 [INFO] Search berhasil, ditemukan 0 hasil.
2025-11-12 08:50:09 [INFO] Search berhasil, ditemukan 0 hasil.
2025-11-12 08:50:09 [INFO] Search berhasil, ditemukan 0 hasil.
2025-11-12 08:50:09 [INFO] Search berhasil, ditemukan 0 hasil.
2025-11-12 08:50:10 [INFO] Search berhasil, ditemukan 0 hasil.
2025-11-12 08:50:10 [INFO] Search berhasil, ditemukan 0 hasil.
2025-11-12 08:50:10 [INFO] Search berhasil, ditemukan 0 hasil.
2025-11-12 08:50:10 [INFO] Search berhasil, ditemukan 0 hasil.
2025-11-12 08:50:11 [INFO] Search berhasil, ditemukan 0 hasil.
2025-11-12 08:50:11 [INFO] Search berhasil, ditemukan 0 hasil.
2025-11-12 08:50:11 [INFO] Search berhasil, ditemukan 0 hasil.
2025-11-12 08:50:12 [INFO] Search berhasil, ditemukan 0 hasil.
2025-11-12 08:50:12 [INFO] Search berhasil, ditemukan 0 hasil.
2025-11-12 08:50:12 [INFO] Search berhasil, ditemukan 0 hasil.
2025-11-12 08:50:13 [INFO] Search berhasil, ditemukan 0 hasil.
2025-11-12 08:50:13 [INFO] Search berhasil, ditemukan 0 hasil.
2025-11-12 08:50:13 [INFO] Search berhasil, ditemukan 0 hasil.
2025-11-12 08:50:13 [INFO] Search berhasil, ditemukan 0 hasil.
2025-11-12 08:50:14 [INFO] Search berhasil, ditemukan 0 hasil.
2025-11-12 08:50:14 [INFO] Search berhasil, ditemukan 0 hasil.
2025-11-12 08:50:14 [INFO] Search berhasil, ditemukan 0 hasil.
2025-11-12 08:50:15 [INFO] Search berhasil, ditemukan 0 hasil.
2025-11-12 08:50:15 [INFO] Search berhasil, ditemukan 0 hasil.
2025-11-12 08:50:15 [INFO] Search berhasil, ditemukan 0 hasil.
2025-11-12 08:50:16 [INFO] Search berhasil, ditemukan 0 hasil.
2025-11-12 08:50:16 [INFO] Search berhasil, ditemukan 0 hasil.
2025-11-12 08:50:16 [INFO] Search berhasil, ditemukan 0 hasil.
2025-11-12 08:50:16 [INFO] Search berhasil, ditemukan 0 hasil.
2025-11-12 08:50:17 [INFO] Search berhasil, ditemukan 0 hasil.
2025-11-12 08:50:17 [INFO] Search berhasil, ditemukan 0 hasil.
2025-11-12 08:50:17 [INFO] Search berhasil, ditemukan 0 hasil.
2025-11-12 08:50:17 [INFO] Search berhasil, ditemukan 0 hasil.
2025-11-12 08:50:18 [INFO] Search berhasil, ditemukan 0 hasil.
2025-11-12 08:50:18 [INFO] Search berhasil, ditemukan 0 hasil.
2025-11-12 08:50:18 [INFO] Search berhasil, ditemukan 0 hasil.
2025-11-12 08:50:19 [INFO] Search berhasil, ditemukan 0 hasil.
2025-11-12 08:50:19 [INFO] Search berhasil, ditemukan 0 hasil.
2025-11-12 08:50:19 [INFO] Search berhasil, ditemukan 0 hasil.
2025-11-12 08:50:20 [INFO] Search berhasil, ditemukan 0 hasil.
2025-11-12 08:50:20 [INFO] Search berhasil, ditemukan 0 hasil.
2025-11-12 08:50:20 [INFO] Search berhasil, ditemukan 0 hasil.
2025-11-12 08:50:21 [INFO] Search berhasil, ditemukan 0 hasil.
2025-11-12 08:50:21 [INFO] Search berhasil, ditemukan 0 hasil.
2025-11-12 08:50:21 [INFO] Search berhasil, ditemukan 0 hasil.
2025-11-12 08:50:22 [INFO] Search berhasil, ditemukan 0 hasil.
2025-11-12 08:50:22 [INFO] Search berhasil, ditemukan 0 hasil.
2025-11-12 08:50:22 [INFO] Search berhasil, ditemukan 0 hasil.
2025-11-12 08:50:23 [INFO] Search berhasil, ditemukan 0 hasil.
2025-11-12 08:50:23 [INFO] Search berhasil, ditemukan 0 hasil.
2025-11-12 08:50:23 [INFO] Search berhasil, ditemukan 0 hasil.
2025-11-12 08:50:23 [INFO] Search berhasil, ditemukan 0 hasil.
2025-11-12 08:50:24 [INFO] Search berhasil, ditemukan 0 hasil.
2025-11-12 08:50:24 [INFO] Search berhasil, ditemukan 0 hasil.
2025-11-12 08:50:24 [INFO] Search berhasil, ditemukan 0 hasil.
2025-11-12 08:50:25 [INFO] Search berhasil, ditemukan 0 hasil.
2025-11-12 08:50:25 [INFO] Search berhasil, ditemukan 0 hasil.
2025-11-12 08:50:25 [INFO] Search berhasil, ditemukan 0 hasil.
2025-11-12 08:50:26 [INFO] Search berhasil, ditemukan 0 hasil.
2025-11-12 08:50:26 [INFO] Search berhasil, ditemukan 0 hasil.
2025-11-12 08:50:26 [INFO] Search berhasil, ditemukan 0 hasil.
2025-11-12 08:50:26 [INFO] Search berhasil, ditemukan 0 hasil.
2025-11-12 08:50:27 [INFO] Search berhasil, ditemukan 0 hasil.
2025-11-12 08:50:27 [INFO] Search berhasil, ditemukan 0 hasil.
2025-11-12 08:50:27 [INFO] Search berhasil, ditemukan 0 hasil.
2025-11-12 08:50:27 [INFO] Search berhasil, ditemukan 0 hasil.
2025-11-12 08:50:28 [INFO] Search berhasil, ditemukan 0 hasil.
2025-11-12 08:50:28 [INFO] Search berhasil, ditemukan 0 hasil.
2025-11-12 08:50:28 [INFO] Search berhasil, ditemukan 0 hasil.
2025-11-12 08:50:29 [INFO] Search berhasil, ditemukan 0 hasil.
2025-11-12 08:50:29 [INFO] Search berhasil, ditemukan 0 hasil.
2025-11-12 08:50:29 [INFO] Search berhasil, ditemukan 0 hasil.
2025-11-12 08:50:30 [INFO] Search berhasil, ditemukan 0 hasil.
2025-11-12 08:50:30 [INFO] Search berhasil, ditemukan 0 hasil.
2025-11-12 08:50:30 [INFO] Search berhasil, ditemukan 0 hasil.
2025-11-12 08:50:30 [INFO] Search berhasil, ditemukan 0 hasil.
2025-11-12 08:50:31 [INFO] Search berhasil, ditemukan 0 hasil.
2025-11-12 08:50:31 [INFO] Search berhasil, ditemukan 0 hasil.
2025-11-12 08:50:31 [INFO] Search berhasil, ditemukan 0 hasil.
2025-11-12 08:50:32 [INFO] Search berhasil, ditemukan 0 hasil.
2025-11-12 08:50:32 [INFO] Search berhasil, ditemukan 0 hasil.
2025-11-12 08:50:32 [INFO] Search berhasil, ditemukan 0 hasil.
2025-11-12 08:50:33 [INFO] Search berhasil, ditemukan 0 hasil.
2025-11-12 08:50:33 [INFO] Search berhasil, ditemukan 0 hasil.
2025-11-12 08:50:33 [INFO] Search berhasil, ditemukan 0 hasil.
2025-11-12 08:50:33 [INFO] Search berhasil, ditemukan 0 hasil.
2025-11-12 08:50:34 [INFO] Search berhasil, ditemukan 0 hasil.
2025-11-12 08:50:34 [INFO] Search berhasil, ditemukan 0 hasil.
2025-11-12 08:50:34 [INFO] Search berhasil, ditemukan 0 hasil.
2025-11-12 08:50:35 [INFO] Search berhasil, ditemukan 0 hasil.
2025-11-12 08:50:35 [INFO] Search berhasil, ditemukan 0 hasil.
2025-11-12 08:50:35 [INFO] Search berhasil, ditemukan 0 hasil.
2025-11-12 08:50:35 [INFO] Search berhasil, ditemukan 0 hasil.
2025-11-12 08:50:36 [INFO] Search berhasil, ditemukan 0 hasil.
2025-11-12 08:50:36 [INFO] Search berhasil, ditemukan 0 hasil.
2025-11-12 08:50:36 [INFO] Search berhasil, ditemukan 0 hasil.
2025-11-12 08:50:36 [INFO] Search berhasil, ditemukan 0 hasil.
2025-11-12 08:50:37 [INFO] Search berhasil, ditemukan 0 hasil.
2025-11-12 08:50:37 [INFO] Search berhasil, ditemukan 0 hasil.
2025-11-12 08:50:37 [INFO] Search berhasil, ditemukan 0 hasil.
2025-11-12 08:50:38 [INFO] Search berhasil, ditemukan 0 hasil.
2025-11-12 08:50:38 [INFO] Search berhasil, ditemukan 0 hasil.
2025-11-12 08:50:38 [INFO] Search berhasil, ditemukan 0 hasil.
2025-11-12 08:50:39 [INFO] Search berhasil, ditemukan 0 hasil.
2025-11-12 08:50:39 [INFO] Search berhasil, ditemukan 0 hasil.
2025-11-12 08:50:39 [INFO] Search berhasil, ditemukan 0 hasil.
2025-11-12 08:50:39 [INFO] Search berhasil, ditemukan 0 hasil.
2025-11-12 08:50:40 [INFO] Search berhasil, ditemukan 0 hasil.
2025-11-12 08:50:40 [INFO] Search berhasil, ditemukan 0 hasil.
2025-11-12 08:50:40 [INFO] Search berhasil, ditemukan 0 hasil.
2025-11-12 08:50:41 [INFO] Search berhasil, ditemukan 0 hasil.
2025-11-12 08:50:41 [INFO] Search berhasil, ditemukan 0 hasil.
2025-11-12 08:50:41 [INFO] Search berhasil, ditemukan 0 hasil.
2025-11-12 08:50:42 [INFO] Search berhasil, ditemukan 0 hasil.
2025-11-12 08:50:42 [INFO] Search berhasil, ditemukan 0 hasil.
2025-11-12 08:50:42 [INFO] Search berhasil, ditemukan 0 hasil.
2025-11-12 08:50:42 [INFO] Search berhasil, ditemukan 0 hasil.
2025-11-12 08:50:43 [INFO] Search berhasil, ditemukan 0 hasil.
2025-11-12 08:50:43 [INFO] Search berhasil, ditemukan 0 hasil.
2025-11-12 08:50:43 [INFO] Search berhasil, ditemukan 0 hasil.
2025-11-12 08:50:44 [INFO] Search berhasil, ditemukan 0 hasil.
2025-11-12 08:50:44 [INFO] Search berhasil, ditemukan 0 hasil.
2025-11-12 08:50:44 [INFO] Search berhasil, ditemukan 0 hasil.
2025-11-12 08:50:45 [INFO] Search berhasil, ditemukan 0 hasil.
2025-11-12 08:50:45 [INFO] Search berhasil, ditemukan 0 hasil.
2025-11-12 08:50:45 [INFO] Search berhasil, ditemukan 0 hasil.
2025-11-12 08:50:45 [INFO] Search berhasil, ditemukan 0 hasil.
2025-11-12 08:50:46 [INFO] Search berhasil, ditemukan 0 hasil.
2025-11-12 08:50:46 [INFO] Search berhasil, ditemukan 0 hasil.
2025-11-12 08:50:46 [INFO] Search berhasil, ditemukan 0 hasil.
2025-11-12 08:50:46 [INFO] Search berhasil, ditemukan 0 hasil.
2025-11-12 08:50:47 [INFO] Search berhasil, ditemukan 0 hasil.
2025-11-12 08:50:47 [INFO] Search berhasil, ditemukan 0 hasil.
2025-11-12 08:50:47 [INFO] Search berhasil, ditemukan 0 hasil.
2025-11-12 08:50:48 [INFO] Search berhasil, ditemukan 0 hasil.
2025-11-12 08:50:48 [INFO] Search berhasil, ditemukan 0 hasil.
2025-11-12 08:50:48 [INFO] Search berhasil, ditemukan 0 hasil.
2025-11-12 08:50:49 [INFO] Search berhasil, ditemukan 0 hasil.
2025-11-12 08:50:49 [INFO] Search berhasil, ditemukan 0 hasil.
2025-11-12 08:50:49 [INFO] Search berhasil, ditemukan 0 hasil.
2025-11-12 08:50:50 [INFO] Search berhasil, ditemukan 0 hasil.
2025-11-12 08:50:50 [INFO] Search berhasil, ditemukan 0 hasil.
2025-11-12 08:50:50 [INFO] Search berhasil, ditemukan 0 hasil.
2025-11-12 08:50:50 [INFO] Search berhasil, ditemukan 0 hasil.
2025-11-12 08:50:51 [INFO] Search berhasil, ditemukan 0 hasil.
2025-11-12 08:50:51 [INFO] Search berhasil, ditemukan 0 hasil.
2025-11-12 08:50:51 [INFO] Search berhasil, ditemukan 0 hasil.
2025-11-12 08:50:52 [INFO] Search berhasil, ditemukan 0 hasil.
2025-11-12 08:50:52 [INFO] Search berhasil, ditemukan 0 hasil.
2025-11-12 08:50:52 [INFO] Search berhasil, ditemukan 0 hasil.
2025-11-12 08:50:52 [INFO] Search berhasil, ditemukan 0 hasil.
2025-11-12 08:50:53 [INFO] Search berhasil, ditemukan 0 hasil.
2025-11-12 08:50:53 [INFO] Search berhasil, ditemukan 0 hasil.
2025-11-12 08:50:53 [INFO] Search berhasil, ditemukan 0 hasil.
2025-11-12 08:50:54 [INFO] Search berhasil, ditemukan 0 hasil.
2025-11-12 08:50:54 [INFO] Search berhasil, ditemukan 0 hasil.
2025-11-12 08:50:54 [INFO] Search berhasil, ditemukan 0 hasil.
2025-11-12 08:50:55 [INFO] Search berhasil, ditemukan 0 hasil.
2025-11-12 08:50:55 [INFO] Search berhasil, ditemukan 0 hasil.
2025-11-12 08:50:55 [INFO] Search berhasil, ditemukan 0 hasil.
2025-11-12 08:50:55 [INFO] Search berhasil, ditemukan 0 hasil.
2025-11-12 08:50:56 [INFO] Search berhasil, ditemukan 0 hasil.
2025-11-12 08:50:56 [INFO] Search berhasil, ditemukan 0 hasil.
2025-11-12 08:50:56 [INFO] Search berhasil, ditemukan 0 hasil.
2025-11-12 08:50:56 [INFO] Search berhasil, ditemukan 0 hasil.
2025-11-12 08:50:57 [INFO] Search berhasil, ditemukan 0 hasil.
2025-11-12 08:50:57 [INFO] Search berhasil, ditemukan 0 hasil.
2025-11-12 08:50:57 [INFO] Search berhasil, ditemukan 0 hasil.
2025-11-12 08:50:58 [INFO] Search berhasil, ditemukan 0 hasil.
2025-11-12 08:50:58 [INFO] Search berhasil, ditemukan 0 hasil.
2025-11-12 08:50:58 [INFO] Search berhasil, ditemukan 0 hasil.
2025-11-12 08:50:59 [INFO] Search berhasil, ditemukan 0 hasil.
2025-11-12 08:50:59 [INFO] Search berhasil, ditemukan 0 hasil.
2025-11-12 08:50:59 [INFO] Search berhasil, ditemukan 0 hasil.
2025-11-12 08:50:59 [INFO] Search berhasil, ditemukan 0 hasil.
2025-11-12 08:51:00 [INFO] Search berhasil, ditemukan 0 hasil.
2025-11-12 08:51:00 [INFO] Search berhasil, ditemukan 0 hasil.
2025-11-12 08:51:00 [INFO] Search berhasil, ditemukan 0 hasil.
2025-11-12 08:51:01 [INFO] Search berhasil, ditemukan 0 hasil.
2025-11-12 08:51:01 [INFO] Search berhasil, ditemukan 0 hasil.
2025-11-12 08:51:01 [INFO] Search berhasil, ditemukan 0 hasil.
2025-11-12 08:51:02 [INFO] Search berhasil, ditemukan 0 hasil.
2025-11-12 08:51:02 [INFO] Search berhasil, ditemukan 0 hasil.
2025-11-12 08:51:02 [INFO] Search berhasil, ditemukan 0 hasil.
2025-11-12 08:51:02 [INFO] Search berhasil, ditemukan 0 hasil.
2025-11-12 08:51:03 [INFO] Search berhasil, ditemukan 0 hasil.
2025-11-12 08:51:03 [INFO] Search berhasil, ditemukan 0 hasil.
2025-11-12 08:51:03 [INFO] Search berhasil, ditemukan 0 hasil.
2025-11-12 08:51:04 [INFO] Search berhasil, ditemukan 0 hasil.
2025-11-12 08:51:04 [INFO] Search berhasil, ditemukan 0 hasil.
2025-11-12 08:51:04 [INFO] Search berhasil, ditemukan 0 hasil.
2025-11-12 08:51:05 [INFO] Search berhasil, ditemukan 0 hasil.
2025-11-12 08:51:05 [INFO] Search berhasil, ditemukan 0 hasil.
2025-11-12 08:51:05 [INFO] Search berhasil, ditemukan 0 hasil.
2025-11-12 08:51:05 [INFO] Search berhasil, ditemukan 0 hasil.
2025-11-12 08:51:06 [INFO] Search berhasil, ditemukan 0 hasil.
2025-11-12 08:51:06 [INFO] Search berhasil, ditemukan 0 hasil.
2025-11-12 08:51:06 [INFO] Search berhasil, ditemukan 0 hasil.
2025-11-12 08:51:06 [INFO] Search berhasil, ditemukan 0 hasil.
2025-11-12 08:51:07 [INFO] Search berhasil, ditemukan 0 hasil.
2025-11-12 08:51:07 [INFO] Search berhasil, ditemukan 0 hasil.
2025-11-12 08:51:07 [INFO] Search berhasil, ditemukan 0 hasil.
2025-11-12 08:51:08 [INFO] Search berhasil, ditemukan 0 hasil.
2025-11-12 08:51:08 [INFO] Search berhasil, ditemukan 0 hasil.
2025-11-12 08:51:08 [INFO] Search berhasil, ditemukan 0 hasil.
2025-11-12 08:51:09 [INFO] Search berhasil, ditemukan 0 hasil.
2025-11-12 08:51:09 [INFO] Search berhasil, ditemukan 0 hasil.
2025-11-12 08:51:09 [INFO] Search berhasil, ditemukan 0 hasil.
2025-11-12 08:51:09 [INFO] Search berhasil, ditemukan 0 hasil.
2025-11-12 08:51:10 [INFO] Search berhasil, ditemukan 0 hasil.
2025-11-12 08:51:10 [INFO] Search berhasil, ditemukan 0 hasil.
2025-11-12 08:51:10 [INFO] Search berhasil, ditemukan 0 hasil.
2025-11-12 08:51:11 [INFO] Search berhasil, ditemukan 0 hasil.
2025-11-12 08:51:11 [INFO] Search berhasil, ditemukan 0 hasil.
2025-11-12 08:51:11 [INFO] Search berhasil, ditemukan 0 hasil.
2025-11-12 08:51:12 [INFO] Search berhasil, ditemukan 0 hasil.
2025-11-12 08:51:12 [INFO] Search berhasil, ditemukan 0 hasil.
2025-11-12 08:51:12 [INFO] Search berhasil, ditemukan 0 hasil.
2025-11-12 08:51:12 [INFO] Search berhasil, ditemukan 0 hasil.
2025-11-12 08:51:13 [INFO] Search berhasil, ditemukan 0 hasil.
2025-11-12 08:51:13 [INFO] Search berhasil, ditemukan 0 hasil.
2025-11-12 08:51:13 [INFO] Search berhasil, ditemukan 0 hasil.
2025-11-12 08:51:14 [INFO] Search berhasil, ditemukan 0 hasil.
2025-11-12 08:51:14 [INFO] Search berhasil, ditemukan 0 hasil.
2025-11-12 08:51:14 [INFO] Search berhasil, ditemukan 0 hasil.
2025-11-12 08:51:15 [INFO] Search berhasil, ditemukan 0 hasil.
2025-11-12 08:51:15 [INFO] Search berhasil, ditemukan 0 hasil.
2025-11-12 08:51:15 [INFO] Search berhasil, ditemukan 0 hasil.
2025-11-12 08:51:15 [INFO] Search berhasil, ditemukan 0 hasil.
2025-11-12 08:51:16 [INFO] Search berhasil, ditemukan 0 hasil.
2025-11-12 08:51:16 [INFO] Search berhasil, ditemukan 0 hasil.
2025-11-12 08:51:16 [INFO] Search berhasil, ditemukan 0 hasil.
2025-11-12 08:51:16 [INFO] Search berhasil, ditemukan 0 hasil.
2025-11-12 08:51:17 [INFO] Search berhasil, ditemukan 0 hasil.
2025-11-12 08:51:17 [INFO] Search berhasil, ditemukan 0 hasil.
2025-11-12 08:51:17 [INFO] Search berhasil, ditemukan 0 hasil.
2025-11-12 08:51:18 [INFO] Search berhasil, ditemukan 0 hasil.
2025-11-12 08:51:18 [INFO] Search berhasil, ditemukan 0 hasil.
2025-11-12 08:51:18 [INFO] Search berhasil, ditemukan 0 hasil.
2025-11-12 08:51:19 [INFO] Search berhasil, ditemukan 0 hasil.
2025-11-12 08:51:19 [INFO] Search berhasil, ditemukan 0 hasil.
2025-11-12 08:51:19 [INFO] Search berhasil, ditemukan 0 hasil.
2025-11-12 08:51:19 [INFO] Search berhasil, ditemukan 0 hasil.
2025-11-12 08:51:20 [INFO] Search berhasil, ditemukan 0 hasil.
2025-11-12 08:51:20 [INFO] Search berhasil, ditemukan 0 hasil.
2025-11-12 08:51:20 [INFO] Search berhasil, ditemukan 0 hasil.
2025-11-12 08:51:21 [INFO] Search berhasil, ditemukan 0 hasil.
2025-11-12 08:51:21 [INFO] Search berhasil, ditemukan 0 hasil.
2025-11-12 08:51:21 [INFO] Search berhasil, ditemukan 0 hasil.
2025-11-12 08:51:22 [INFO] Search berhasil, ditemukan 0 hasil.
2025-11-12 08:51:22 [INFO] Data inserted ID=1762912282830094, metadata={'name': 'faiz'}
2025-11-12 08:51:22 [INFO] Search berhasil, ditemukan 1 hasil.
2025-11-12 08:51:23 [INFO] Search berhasil, ditemukan 1 hasil.
2025-11-12 08:51:23 [INFO] Search berhasil, ditemukan 1 hasil.
2025-11-12 08:51:23 [INFO] Search berhasil, ditemukan 1 hasil.
2025-11-12 08:51:24 [INFO] Search berhasil, ditemukan 1 hasil.
2025-11-12 08:51:24 [INFO] Data inserted ID=1762912284652412, metadata={'name': 'grace'}
2025-11-12 08:51:24 [INFO] Search berhasil, ditemukan 1 hasil.
2025-11-12 08:51:24 [INFO] Search berhasil, ditemukan 1 hasil.
2025-11-12 08:51:24 [INFO] Search berhasil, ditemukan 1 hasil.
2025-11-12 08:51:26 [INFO] Search berhasil, ditemukan 1 hasil.
2025-11-12 08:51:26 [INFO] Data inserted ID=1762912286048580, metadata={'name': 'ilham'}
2025-11-12 08:51:26 [INFO] Search berhasil, ditemukan 1 hasil.
2025-11-12 08:51:26 [INFO] Search berhasil, ditemukan 1 hasil.
2025-11-12 08:51:26 [INFO] Search berhasil, ditemukan 1 hasil.
2025-11-12 08:51:27 [INFO] Search berhasil, ditemukan 1 hasil.
2025-11-12 08:51:27 [INFO] Data inserted ID=1762912287518098, metadata={'name': 'iqbal'}
2025-11-12 08:51:27 [INFO] Search berhasil, ditemukan 1 hasil.
2025-11-12 08:51:27 [INFO] Search berhasil, ditemukan 1 hasil.
2025-11-12 08:51:27 [INFO] Search berhasil, ditemukan 1 hasil.
2025-11-12 08:51:29 [INFO] Search berhasil, ditemukan 1 hasil.
2025-11-12 08:51:29 [INFO] Data inserted ID=1762912289194090, metadata={'name': 'irfan'}
2025-11-12 08:51:29 [INFO] Search berhasil, ditemukan 1 hasil.
2025-11-12 08:51:29 [INFO] Search berhasil, ditemukan 1 hasil.
2025-11-12 08:51:29 [INFO] Search berhasil, ditemukan 1 hasil.
2025-11-12 08:51:29 [INFO] Search berhasil, ditemukan 1 hasil.
2025-11-12 08:51:30 [INFO] Search berhasil, ditemukan 1 hasil.
2025-11-12 08:51:30 [INFO] Data inserted ID=1762912290883360, metadata={'name': 'jokowi'}
2025-11-12 08:51:30 [INFO] Search berhasil, ditemukan 1 hasil.
2025-11-12 08:51:31 [INFO] Search berhasil, ditemukan 1 hasil.
2025-11-12 08:51:31 [INFO] Search berhasil, ditemukan 1 hasil.
2025-11-12 08:51:32 [INFO] Search berhasil, ditemukan 1 hasil.
2025-11-12 08:51:32 [INFO] Search berhasil, ditemukan 1 hasil.
2025-11-12 08:51:32 [INFO] Data inserted ID=1762912292983903, metadata={'name': 'natalia'}
2025-11-12 08:51:33 [INFO] Search berhasil, ditemukan 1 hasil.
2025-11-12 08:51:33 [INFO] Search berhasil, ditemukan 1 hasil.
2025-11-12 08:51:33 [INFO] Search berhasil, ditemukan 1 hasil.
2025-11-12 08:51:33 [INFO] Search berhasil, ditemukan 1 hasil.
2025-11-12 08:51:34 [INFO] Search berhasil, ditemukan 1 hasil.
2025-11-12 08:51:34 [INFO] Data inserted ID=1762912294472023, metadata={'name': 'sari'}
2025-11-12 08:51:34 [INFO] Search berhasil, ditemukan 1 hasil.
2025-11-12 08:51:34 [INFO] Search berhasil, ditemukan 1 hasil.
2025-11-12 08:51:34 [INFO] Search berhasil, ditemukan 1 hasil.
2025-11-12 08:51:35 [INFO] Search berhasil, ditemukan 1 hasil.
2025-11-12 08:51:35 [INFO] Search berhasil, ditemukan 1 hasil.
2025-11-12 08:51:35 [INFO] Data inserted ID=1762912295916485, metadata={'name': 'septian'}
2025-11-12 08:51:35 [INFO] Search berhasil, ditemukan 1 hasil.
2025-11-12 08:51:36 [INFO] Search berhasil, ditemukan 1 hasil.
2025-11-12 08:51:36 [INFO] Search berhasil, ditemukan 1 hasil.
2025-11-12 08:51:37 [INFO] Search berhasil, ditemukan 1 hasil.
2025-11-12 08:51:37 [INFO] Data inserted ID=1762912297306561, metadata={'name': 'ucok'}
2025-11-12 08:51:37 [INFO] Search berhasil, ditemukan 1 hasil.
2025-11-12 08:51:37 [INFO] Search berhasil, ditemukan 1 hasil.
2025-11-12 08:51:37 [INFO] Search berhasil, ditemukan 1 hasil.
2025-11-12 08:51:37 [INFO] Search berhasil, ditemukan 1 hasil.
2025-11-12 08:51:38 [INFO] Search berhasil, ditemukan 1 hasil.
2025-11-12 08:51:38 [INFO] Search berhasil, ditemukan 1 hasil.
2025-11-12 08:51:38 [INFO] Search berhasil, ditemukan 1 hasil.
2025-11-12 08:51:39 [INFO] Search berhasil, ditemukan 1 hasil.
2025-11-12 08:51:39 [INFO] Search berhasil, ditemukan 1 hasil.
2025-11-12 08:51:39 [INFO] Search berhasil, ditemukan 1 hasil.
2025-11-12 08:51:40 [INFO] Search berhasil, ditemukan 1 hasil.
2025-11-12 08:51:40 [INFO] Search berhasil, ditemukan 1 hasil.
2025-11-12 08:51:40 [INFO] Search berhasil, ditemukan 1 hasil.
2025-11-12 08:51:40 [INFO] Search berhasil, ditemukan 1 hasil.
2025-11-12 08:51:41 [INFO] Search berhasil, ditemukan 1 hasil.
2025-11-12 08:51:41 [INFO] Search berhasil, ditemukan 1 hasil.
2025-11-12 08:51:41 [INFO] Search berhasil, ditemukan 1 hasil.
2025-11-12 08:51:41 [INFO] Search berhasil, ditemukan 1 hasil.
2025-11-12 08:51:42 [INFO] Search berhasil, ditemukan 1 hasil.
2025-11-12 08:51:42 [INFO] Search berhasil, ditemukan 1 hasil.
2025-11-12 08:51:42 [INFO] Search berhasil, ditemukan 1 hasil.
2025-11-12 08:51:43 [INFO] Search berhasil, ditemukan 1 hasil.
2025-11-12 08:51:43 [INFO] Search berhasil, ditemukan 1 hasil.
2025-11-12 08:51:43 [INFO] Search berhasil, ditemukan 1 hasil.
2025-11-12 08:51:44 [INFO] Search berhasil, ditemukan 1 hasil.
2025-11-12 08:51:44 [INFO] Search berhasil, ditemukan 1 hasil.
2025-11-12 08:51:44 [INFO] Search berhasil, ditemukan 1 hasil.
2025-11-12 08:51:44 [INFO] Search berhasil, ditemukan 1 hasil.
2025-11-12 08:51:45 [INFO] Search berhasil, ditemukan 1 hasil.
2025-11-12 08:51:45 [INFO] Search berhasil, ditemukan 1 hasil.
2025-11-12 08:51:45 [INFO] Search berhasil, ditemukan 1 hasil.
2025-11-12 08:51:46 [INFO] Search berhasil, ditemukan 1 hasil.
2025-11-12 08:51:46 [INFO] Search berhasil, ditemukan 1 hasil.
2025-11-12 08:51:46 [INFO] Search berhasil, ditemukan 1 hasil.
2025-11-12 08:51:47 [INFO] Search berhasil, ditemukan 1 hasil.
2025-11-12 08:51:47 [INFO] Search berhasil, ditemukan 1 hasil.
2025-11-12 08:51:47 [INFO] Search berhasil, ditemukan 1 hasil.
2025-11-12 08:51:47 [INFO] Search berhasil, ditemukan 1 hasil.
2025-11-12 08:51:48 [INFO] Search berhasil, ditemukan 1 hasil.
2025-11-12 08:51:48 [INFO] Search berhasil, ditemukan 1 hasil.
2025-11-12 08:51:48 [INFO] Search berhasil, ditemukan 1 hasil.
2025-11-12 08:51:49 [INFO] Search berhasil, ditemukan 1 hasil.
2025-11-12 08:51:49 [INFO] Search berhasil, ditemukan 1 hasil.
2025-11-12 08:51:49 [INFO] Search berhasil, ditemukan 1 hasil.
2025-11-12 08:51:50 [INFO] Search berhasil, ditemukan 1 hasil.
2025-11-12 08:51:50 [INFO] Search berhasil, ditemukan 1 hasil.
2025-11-12 08:51:50 [INFO] Search berhasil, ditemukan 1 hasil.
2025-11-12 08:51:50 [INFO] Search berhasil, ditemukan 1 hasil.
2025-11-12 08:51:51 [INFO] Search berhasil, ditemukan 1 hasil.
2025-11-12 08:51:51 [INFO] Search berhasil, ditemukan 1 hasil.
2025-11-12 08:51:51 [INFO] Search berhasil, ditemukan 1 hasil.
2025-11-12 08:51:51 [INFO] Search berhasil, ditemukan 1 hasil.
2025-11-12 08:51:52 [INFO] Search berhasil, ditemukan 1 hasil.
2025-11-12 08:52:05 [INFO] Terhubung ke Milvus DB: face_demo.db
2025-11-12 08:52:08 [INFO] Search berhasil, ditemukan 1 hasil.
2025-11-12 08:52:08 [INFO] Search berhasil, ditemukan 1 hasil.
2025-11-12 08:52:08 [INFO] Search berhasil, ditemukan 1 hasil.
2025-11-12 08:52:08 [INFO] Search berhasil, ditemukan 1 hasil.
2025-11-12 08:52:09 [INFO] Search berhasil, ditemukan 1 hasil.
2025-11-12 08:52:09 [INFO] Search berhasil, ditemukan 1 hasil.
2025-11-12 08:52:09 [INFO] Search berhasil, ditemukan 1 hasil.
2025-11-12 08:52:09 [INFO] Search berhasil, ditemukan 1 hasil.
2025-11-12 08:52:09 [INFO] Search berhasil, ditemukan 1 hasil.
2025-11-12 08:52:10 [INFO] Search berhasil, ditemukan 1 hasil.
2025-11-12 08:52:10 [INFO] Search berhasil, ditemukan 1 hasil.
2025-11-12 08:52:10 [INFO] Search berhasil, ditemukan 1 hasil.
2025-11-12 08:52:10 [INFO] Search berhasil, ditemukan 1 hasil.
2025-11-12 08:52:10 [INFO] Search berhasil, ditemukan 1 hasil.
2025-11-12 08:52:11 [INFO] Search berhasil, ditemukan 1 hasil.
2025-11-12 08:52:11 [INFO] Search berhasil, ditemukan 1 hasil.
2025-11-12 08:52:11 [INFO] Search berhasil, ditemukan 1 hasil.
2025-11-12 08:52:11 [INFO] Search berhasil, ditemukan 1 hasil.
2025-11-12 08:52:11 [INFO] Search berhasil, ditemukan 1 hasil.
2025-11-12 08:52:12 [INFO] Search berhasil, ditemukan 1 hasil.
2025-11-12 08:52:12 [INFO] Search berhasil, ditemukan 1 hasil.
2025-11-12 08:52:12 [INFO] Search berhasil, ditemukan 1 hasil.
2025-11-12 08:52:12 [INFO] Search berhasil, ditemukan 1 hasil.
2025-11-12 08:52:12 [INFO] Search berhasil, ditemukan 1 hasil.
2025-11-12 08:52:13 [INFO] Search berhasil, ditemukan 1 hasil.
2025-11-12 08:52:13 [INFO] Search berhasil, ditemukan 1 hasil.
2025-11-12 08:52:13 [INFO] Search berhasil, ditemukan 1 hasil.
2025-11-12 08:52:13 [INFO] Search berhasil, ditemukan 1 hasil.
2025-11-12 08:52:13 [INFO] Search berhasil, ditemukan 1 hasil.
2025-11-12 08:52:14 [INFO] Search berhasil, ditemukan 1 hasil.
2025-11-12 08:52:14 [INFO] Search berhasil, ditemukan 1 hasil.
2025-11-12 08:52:14 [INFO] Search berhasil, ditemukan 1 hasil.
2025-11-12 08:52:14 [INFO] Search berhasil, ditemukan 1 hasil.
2025-11-12 08:52:14 [INFO] Search berhasil, ditemukan 1 hasil.
2025-11-12 08:52:15 [INFO] Search berhasil, ditemukan 1 hasil.
2025-11-12 08:52:15 [INFO] Search berhasil, ditemukan 1 hasil.
2025-11-12 08:55:19 [INFO] Terhubung ke Milvus DB: face_demo.db
2025-11-12 08:55:22 [INFO] Search berhasil, ditemukan 1 hasil.
2025-11-12 08:55:22 [INFO] Search berhasil, ditemukan 1 hasil.
2025-11-12 08:55:22 [INFO] Search berhasil, ditemukan 1 hasil.
2025-11-12 08:55:23 [INFO] Search berhasil, ditemukan 1 hasil.
2025-11-12 08:55:23 [INFO] Search berhasil, ditemukan 1 hasil.
2025-11-12 08:55:23 [INFO] Search berhasil, ditemukan 1 hasil.
2025-11-12 08:55:23 [INFO] Search berhasil, ditemukan 1 hasil.
2025-11-12 08:55:23 [INFO] Search berhasil, ditemukan 1 hasil.
2025-11-12 08:55:24 [INFO] Search berhasil, ditemukan 1 hasil.
2025-11-12 08:55:24 [INFO] Search berhasil, ditemukan 1 hasil.
2025-11-12 08:55:24 [INFO] Search berhasil, ditemukan 1 hasil.
2025-11-12 08:55:24 [INFO] Search berhasil, ditemukan 1 hasil.
2025-11-12 08:55:24 [INFO] Search berhasil, ditemukan 1 hasil.
2025-11-12 08:57:06 [INFO] Terhubung ke Milvus DB: face_demo.db
2025-11-12 08:57:08 [INFO] Search berhasil, ditemukan 1 hasil.
2025-11-12 08:57:08 [INFO] Search berhasil, ditemukan 1 hasil.
2025-11-12 08:57:09 [INFO] Search berhasil, ditemukan 1 hasil.
2025-11-12 08:57:09 [INFO] Search berhasil, ditemukan 1 hasil.
2025-11-12 08:57:09 [INFO] Search berhasil, ditemukan 1 hasil.
2025-11-12 08:57:09 [INFO] Search berhasil, ditemukan 1 hasil.
2025-11-12 08:57:09 [INFO] Search berhasil, ditemukan 1 hasil.
2025-11-12 08:57:10 [INFO] Search berhasil, ditemukan 1 hasil.
2025-11-12 08:57:10 [INFO] Search berhasil, ditemukan 1 hasil.
2025-11-12 08:57:10 [INFO] Search berhasil, ditemukan 1 hasil.
2025-11-12 08:57:10 [INFO] Search berhasil, ditemukan 1 hasil.
2025-11-12 08:57:10 [INFO] Search berhasil, ditemukan 1 hasil.
2025-11-12 08:57:11 [INFO] Search berhasil, ditemukan 1 hasil.
2025-11-12 08:57:11 [INFO] Search berhasil, ditemukan 1 hasil.
2025-11-12 08:57:11 [INFO] Search berhasil, ditemukan 1 hasil.
2025-11-12 08:57:11 [INFO] Search berhasil, ditemukan 1 hasil.
2025-11-12 08:57:11 [INFO] Search berhasil, ditemukan 1 hasil.
2025-11-12 08:57:12 [INFO] Search berhasil, ditemukan 1 hasil.
2025-11-12 08:57:12 [INFO] Search berhasil, ditemukan 1 hasil.
2025-11-12 08:57:12 [INFO] Search berhasil, ditemukan 1 hasil.
2025-11-12 08:57:12 [INFO] Search berhasil, ditemukan 1 hasil.
2025-11-12 08:57:12 [INFO] Search berhasil, ditemukan 1 hasil.
2025-11-12 08:57:13 [INFO] Search berhasil, ditemukan 1 hasil.
2025-11-12 08:57:13 [INFO] Search berhasil, ditemukan 1 hasil.
2025-11-12 08:57:13 [INFO] Search berhasil, ditemukan 1 hasil.
2025-11-12 08:57:13 [INFO] Search berhasil, ditemukan 1 hasil.
2025-11-12 08:57:13 [INFO] Search berhasil, ditemukan 1 hasil.
2025-11-12 08:57:14 [INFO] Search berhasil, ditemukan 1 hasil.
2025-11-12 08:57:14 [INFO] Search berhasil, ditemukan 1 hasil.
2025-11-12 08:57:14 [INFO] Search berhasil, ditemukan 1 hasil.
2025-11-12 08:57:14 [INFO] Search berhasil, ditemukan 1 hasil.
2025-11-12 08:57:14 [INFO] Search berhasil, ditemukan 1 hasil.
2025-11-12 08:57:14 [INFO] Search berhasil, ditemukan 1 hasil.
2025-11-12 08:57:15 [INFO] Search berhasil, ditemukan 1 hasil.
2025-11-12 08:57:15 [INFO] Search berhasil, ditemukan 1 hasil.
2025-11-12 08:57:15 [INFO] Search berhasil, ditemukan 1 hasil.
2025-11-12 08:57:15 [INFO] Search berhasil, ditemukan 1 hasil.
2025-11-12 08:57:15 [INFO] Search berhasil, ditemukan 1 hasil.
2025-11-12 08:57:16 [INFO] Search berhasil, ditemukan 1 hasil.
2025-11-12 08:57:16 [INFO] Search berhasil, ditemukan 1 hasil.
2025-11-12 08:58:58 [INFO] Terhubung ke Milvus DB: face_demo.db
2025-11-12 08:59:00 [INFO] Search berhasil, ditemukan 1 hasil.
2025-11-12 08:59:00 [INFO] Search berhasil, ditemukan 1 hasil.
2025-11-12 08:59:00 [INFO] Search berhasil, ditemukan 1 hasil.
2025-11-12 08:59:00 [INFO] Search berhasil, ditemukan 1 hasil.
2025-11-12 08:59:01 [INFO] Search berhasil, ditemukan 1 hasil.
2025-11-12 08:59:01 [INFO] Search berhasil, ditemukan 1 hasil.
2025-11-12 08:59:01 [INFO] Search berhasil, ditemukan 1 hasil.
2025-11-12 08:59:01 [INFO] Search berhasil, ditemukan 1 hasil.
2025-11-12 08:59:01 [INFO] Search berhasil, ditemukan 1 hasil.
2025-11-12 08:59:02 [INFO] Search berhasil, ditemukan 1 hasil.
2025-11-12 08:59:02 [INFO] Search berhasil, ditemukan 1 hasil.
2025-11-12 08:59:02 [INFO] Search berhasil, ditemukan 1 hasil.
2025-11-12 08:59:02 [INFO] Search berhasil, ditemukan 1 hasil.
2025-11-12 08:59:02 [INFO] Search berhasil, ditemukan 1 hasil.
2025-11-12 08:59:03 [INFO] Search berhasil, ditemukan 1 hasil.
2025-11-12 08:59:03 [INFO] Search berhasil, ditemukan 1 hasil.
2025-11-12 08:59:03 [INFO] Search berhasil, ditemukan 1 hasil.
2025-11-12 08:59:03 [INFO] Search berhasil, ditemukan 1 hasil.
2025-11-12 08:59:03 [INFO] Search berhasil, ditemukan 1 hasil.
2025-11-12 08:59:04 [INFO] Search berhasil, ditemukan 1 hasil.
2025-11-12 08:59:04 [INFO] Search berhasil, ditemukan 1 hasil.
2025-11-12 08:59:04 [INFO] Search berhasil, ditemukan 1 hasil.
2025-11-12 08:59:04 [INFO] Search berhasil, ditemukan 1 hasil.
2025-11-12 08:59:04 [INFO] Search berhasil, ditemukan 1 hasil.
2025-11-12 08:59:05 [INFO] Search berhasil, ditemukan 1 hasil.
2025-11-12 08:59:05 [INFO] Search berhasil, ditemukan 1 hasil.
2025-11-12 08:59:05 [INFO] Search berhasil, ditemukan 1 hasil.
2025-11-12 08:59:05 [INFO] Search berhasil, ditemukan 1 hasil.
2025-11-12 08:59:05 [INFO] Search berhasil, ditemukan 1 hasil.
2025-11-12 08:59:06 [INFO] Search berhasil, ditemukan 1 hasil.
2025-11-12 08:59:06 [INFO] Search berhasil, ditemukan 1 hasil.
2025-11-12 08:59:06 [INFO] Search berhasil, ditemukan 1 hasil.
2025-11-12 08:59:06 [INFO] Search berhasil, ditemukan 1 hasil.
2025-11-12 08:59:06 [INFO] Search berhasil, ditemukan 1 hasil.
2025-11-12 08:59:06 [INFO] Search berhasil, ditemukan 1 hasil.
2025-11-12 08:59:07 [INFO] Search berhasil, ditemukan 1 hasil.
2025-11-12 08:59:07 [INFO] Search berhasil, ditemukan 1 hasil.
2025-11-12 08:59:07 [INFO] Search berhasil, ditemukan 1 hasil.
2025-11-12 08:59:07 [INFO] Search berhasil, ditemukan 1 hasil.
2025-11-12 08:59:07 [INFO] Search berhasil, ditemukan 1 hasil.
2025-11-12 08:59:08 [INFO] Search berhasil, ditemukan 1 hasil.
2025-11-12 08:59:08 [INFO] Search berhasil, ditemukan 1 hasil.
2025-11-12 08:59:08 [INFO] Search berhasil, ditemukan 1 hasil.
2025-11-12 08:59:08 [INFO] Search berhasil, ditemukan 1 hasil.
2025-11-12 08:59:08 [INFO] Search berhasil, ditemukan 1 hasil.
2025-11-12 08:59:09 [INFO] Search berhasil, ditemukan 1 hasil.
2025-11-12 08:59:09 [INFO] Search berhasil, ditemukan 1 hasil.
2025-11-12 08:59:09 [INFO] Search berhasil, ditemukan 1 hasil.
2025-11-12 08:59:09 [INFO] Search berhasil, ditemukan 1 hasil.
2025-11-12 08:59:09 [INFO] Search berhasil, ditemukan 1 hasil.
2025-11-12 08:59:10 [INFO] Search berhasil, ditemukan 1 hasil.
2025-11-12 08:59:10 [INFO] Search berhasil, ditemukan 1 hasil.
2025-11-12 08:59:10 [INFO] Search berhasil, ditemukan 1 hasil.
2025-11-12 08:59:10 [INFO] Search berhasil, ditemukan 1 hasil.
2025-11-12 08:59:10 [INFO] Search berhasil, ditemukan 1 hasil.
2025-11-12 08:59:11 [INFO] Search berhasil, ditemukan 1 hasil.
2025-11-12 08:59:11 [INFO] Search berhasil, ditemukan 1 hasil.
2025-11-12 08:59:11 [INFO] Search berhasil, ditemukan 1 hasil.
2025-11-12 08:59:11 [INFO] Search berhasil, ditemukan 1 hasil.
2025-11-12 08:59:11 [INFO] Search berhasil, ditemukan 1 hasil.
2025-11-12 08:59:12 [INFO] Search berhasil, ditemukan 1 hasil.
2025-11-12 08:59:12 [INFO] Search berhasil, ditemukan 1 hasil.
2025-11-12 08:59:12 [INFO] Search berhasil, ditemukan 1 hasil.
2025-11-12 08:59:12 [INFO] Search berhasil, ditemukan 1 hasil.
2025-11-12 08:59:12 [INFO] Search berhasil, ditemukan 1 hasil.
2025-11-12 08:59:13 [INFO] Search berhasil, ditemukan 1 hasil.
2025-11-12 08:59:13 [INFO] Search berhasil, ditemukan 1 hasil.
2025-11-12 08:59:13 [INFO] Search berhasil, ditemukan 1 hasil.
2025-11-12 08:59:13 [INFO] Search berhasil, ditemukan 1 hasil.
2025-11-12 08:59:13 [INFO] Search berhasil, ditemukan 1 hasil.
2025-11-12 08:59:13 [INFO] Search berhasil, ditemukan 1 hasil.
2025-11-12 08:59:14 [INFO] Search berhasil, ditemukan 1 hasil.
2025-11-12 08:59:14 [INFO] Search berhasil, ditemukan 1 hasil.
2025-11-12 08:59:14 [INFO] Search berhasil, ditemukan 1 hasil.
2025-11-12 08:59:14 [INFO] Search berhasil, ditemukan 1 hasil.
2025-11-12 09:29:57 [INFO] Terhubung ke Milvus DB: face_demo.db
2025-11-12 09:29:59 [INFO] Search berhasil, ditemukan 1 hasil.
2025-11-12 09:29:59 [INFO] Search berhasil, ditemukan 1 hasil.
2025-11-12 09:30:00 [INFO] Search berhasil, ditemukan 1 hasil.
2025-11-12 09:30:00 [INFO] Search berhasil, ditemukan 1 hasil.
2025-11-12 09:30:00 [INFO] Search berhasil, ditemukan 1 hasil.
2025-11-12 09:30:00 [INFO] Search berhasil, ditemukan 1 hasil.
2025-11-12 09:30:00 [INFO] Search berhasil, ditemukan 1 hasil.
2025-11-12 09:30:01 [INFO] Search berhasil, ditemukan 1 hasil.
2025-11-12 09:30:01 [INFO] Search berhasil, ditemukan 1 hasil.
2025-11-12 09:30:01 [INFO] Search berhasil, ditemukan 1 hasil.
2025-11-12 09:30:01 [INFO] Search berhasil, ditemukan 1 hasil.
2025-11-12 09:30:01 [INFO] Search berhasil, ditemukan 1 hasil.
2025-11-12 09:30:02 [INFO] Search berhasil, ditemukan 1 hasil.
2025-11-12 09:30:02 [INFO] Search berhasil, ditemukan 1 hasil.
2025-11-12 09:30:02 [INFO] Search berhasil, ditemukan 1 hasil.
2025-11-12 09:30:02 [INFO] Search berhasil, ditemukan 1 hasil.
